<?xml version="1.0" encoding="UTF-8"?>
<testsuite xmlns:xsi="http://www.w3.org/2001/XMLSchema-instance" xsi:noNamespaceSchemaLocation="https://maven.apache.org/surefire/maven-surefire-plugin/xsd/surefire-test-report-3.0.xsd" version="3.0" name="WeatherAppTest" time="0.123" tests="16" errors="0" skipped="0" failures="0">
  <properties>
[...]
</properties>
  <testcase name="test60ShouldReturnRain" classname="WeatherAppTest" time="0.041"/>
  <testcase name="test71ShouldReturnSnow" classname="WeatherAppTest" time="0.002"/>
  <testcase name="test99ShouldReturnRain" classname="WeatherAppTest" time="0.001"/>
  <testcase name="test0ShouldReturnClear" classname="WeatherAppTest" time="0.001"/>
  <testcase name="listShouldReturn0" classname="WeatherAppTest" time="0.001"/>
  <testcase name="listShouldReturn3" classname="WeatherAppTest" time="0.002"/>
  <testcase name="test4ShouldReturnNull" classname="WeatherAppTest" time="0.001"/>
  <testcase name="test67ShouldReturnRain" classname="WeatherAppTest" time="0.001"/>
  <testcase name="testLocalDateTimeNowShouldReturnGoodFormat" classname="WeatherAppTest" time="0.001"/>
  <testcase name="test90ShouldReturnRain" classname="WeatherAppTest" time="0.0"/>
  <testcase name="test75ShouldReturnSnow" classname="WeatherAppTest" time="0.001"/>
  <testcase name="test80ShouldReturnRain" classname="WeatherAppTest" time="0.001"/>
  <testcase name="test51ShouldReturnRain" classname="WeatherAppTest" time="0.001"/>
  <testcase name="test3ShouldReturnCloudy" classname="WeatherAppTest" time="0.001"/>
  <testcase name="test2ShouldReturnCloudy" classname="WeatherAppTest" time="0.001"/>
  <testcase name="test77ShouldReturnSnow" classname="WeatherAppTest" time="0.0"/>
</testsuite>